Arguments: 
  C:\Program Files\nodejs\node.exe C:\Users\User\AppData\Roaming\npm\node_modules\yarn\bin\yarn.js

PATH: 
  C:\Python38\Scripts\;C:\Python38\;C:\WINDOWS\system32;C:\WINDOWS;C:\WINDOWS\System32\Wbem;C:\WINDOWS\System32\WindowsPowerShell\v1.0\;C:\WINDOWS\System32\OpenSSH\;C:\ProgramData\chocolatey\bin;C:\Program Files\Sublime Text 3;C:\Program Files\nodejs\;C:\Program Files\Git\cmd;C:\Users\User\AppData\Local\Microsoft\WindowsApps;;C:\Users\User\AppData\Roaming\npm;C:\Users\User\AppData\Local\Programs\Microsoft VS Code\bin

Yarn version: 
  1.22.10

Node version: 
  13.9.0

Platform: 
  win32 x64

Trace: 
  Error: EEXIST: file already exists, mkdir 'H:\My Drive\HTML\Quick-Start-Pack\node_modules\@nodelib'

npm manifest: 
  {
    "name": "nunjucks-html-starter",
    "version": "1.0.1",
    "description": "HTML ctarter template development with Gulp,Sass & Nunjucks",
    "author": "mnyorba",
    "license": "MIT",
    "repository": {
      "type": "git",
      "url": "https://github.com/mnyorba/nunjucks-starter"
    },
    "keywords": [
      "npm",
      "scripts",
      "npm scripts",
      "html",
      "nunjucks",
      "starter",
      "gulp",
      "sass"
    ],
    "scripts": {
      "watch": "gulp buildWatch",
      "build": "gulp build --pub",
      "demo": "gulp build --clean"
    },
    "devDependencies": {
      "browser-sync": "^2.26.7",
      "del": "^5.1.0",
      "gulp": "^4.0.2",
      "gulp-autoprefixer": "^7.0.1",
      "gulp-beautify-code": "^2.0.4",
      "gulp-changed": "^4.0.2",
      "gulp-clean-css": "^4.2.0",
      "gulp-concat": "^2.6.1",
      "gulp-csso": "^4.0.1",
      "gulp-data": "^1.3.1",
      "gulp-if": "^3.0.0",
      "gulp-imagemin": "^6.2.0",
      "gulp-line-ending-corrector": "^1.0.3",
      "gulp-notify": "^3.2.0",
      "gulp-nunjucks": "^5.0.1",
      "gulp-plumber": "^1.2.1",
      "gulp-purgecss": "^1.2.0",
      "gulp-rename": "^1.4.0",
      "gulp-sass": "^4.0.2",
      "gulp-sourcemaps": "^2.6.5",
      "gulp-uglify": "^3.0.2",
      "minimist": "^1.2.0"
    },
    "dependencies": {
      "gulp-nunjucks-render": "^2.2.3",
      "nunjucks": "^3.2.0"
    }
  }

yarn manifest: 
  No manifest

Lockfile: 
  No lockfile
